# JRE version: OpenJDK Runtime Environment Microsoft-12574423 (17.0.17+10) (build 17.0.17+10-LTS)
# Java VM: OpenJDK 64-Bit Server VM Microsoft-12574423 (17.0.17+10-LTS, mixed mode, sharing, tiered, compressed oops, compressed class ptrs, g1 gc, windows-amd64)
GC Precious Log:
 CPUs: 4 total, 4 available
 Memory: 3994M
 Large Page Support: Disabled
 NUMA Support: Disabled
 Compressed Oops: Enabled (32-bit)
 Heap Region Size: 1M
 Heap Min Capacity: 8M
 Heap Initial Capacity: 64M
 Heap Max Capacity: 2G
 Pre-touch: Disabled
 Parallel Workers: 4
 Concurrent Workers: 1
 Concurrent Refinement Workers: 4
 Periodic GC: Disabled
Heap:
 garbage-first heap   total 78848K, used 37507K [0x0000000080000000, 0x0000000100000000)
  region size 1024K, 2 young (2048K), 2 survivors (2048K)
 Metaspace       used 49786K, committed 50368K, reserved 1114112K
  class space    used 7104K, committed 7360K, reserved 1048576K
GC Heap History (20 events):
Event: 8.858 GC heap after
{Heap after GC invocations=10 (full 0):
 garbage-first heap   total 78848K, used 26104K [0x0000000080000000, 0x0000000100000000)
  region size 1024K, 4 young (4096K), 4 survivors (4096K)
 Metaspace       used 27243K, committed 27648K, reserved 1114112K
  class space    used 3909K, committed 4096K, reserved 1048576K
}
Event: 8.884 GC heap before
{Heap before GC invocations=10 (full 0):
 garbage-first heap   total 78848K, used 26104K [0x0000000080000000, 0x0000000100000000)
  region size 1024K, 5 young (5120K), 4 survivors (4096K)
 Metaspace       used 27477K, committed 27840K, reserved 1114112K
  class space    used 3923K, committed 4096K, reserved 1048576K
}
Event: 8.892 GC heap after
{Heap after GC invocations=11 (full 0):
 garbage-first heap   total 78848K, used 26405K [0x0000000080000000, 0x0000000100000000)
  region size 1024K, 1 young (1024K), 1 survivors (1024K)
 Metaspace       used 27477K, committed 27840K, reserved 1114112K
  class space    used 3923K, committed 4096K, reserved 1048576K
}
Event: 9.605 GC heap before
{Heap before GC invocations=11 (full 0):
 garbage-first heap   total 78848K, used 60197K [0x0000000080000000, 0x0000000100000000)
  region size 1024K, 35 young (35840K), 1 survivors (1024K)
 Metaspace       used 30659K, committed 31040K, reserved 1114112K
  class space    used 4306K, committed 4480K, reserved 1048576K
}
Event: 9.610 GC heap after
{Heap after GC invocations=12 (full 0):
 garbage-first heap   total 78848K, used 29282K [0x0000000080000000, 0x0000000100000000)
  region size 1024K, 4 young (4096K), 4 survivors (4096K)
 Metaspace       used 30659K, committed 31040K, reserved 1114112K
  class space    used 4306K, committed 4480K, reserved 1048576K
}
Event: 9.921 GC heap before
{Heap before GC invocations=12 (full 0):
 garbage-first heap   total 78848K, used 63074K [0x0000000080000000, 0x0000000100000000)
  region size 1024K, 35 young (35840K), 4 survivors (4096K)
 Metaspace       used 32050K, committed 32448K, reserved 1114112K
  class space    used 4395K, committed 4608K, reserved 1048576K
}
Event: 9.926 GC heap after
{Heap after GC invocations=13 (full 0):
 garbage-first heap   total 78848K, used 29301K [0x0000000080000000, 0x0000000100000000)
  region size 1024K, 1 young (1024K), 1 survivors (1024K)
 Metaspace       used 32050K, committed 32448K, reserved 1114112K
  class space    used 4395K, committed 4608K, reserved 1048576K
}
Event: 10.808 GC heap before
{Heap before GC invocations=13 (full 0):
 garbage-first heap   total 78848K, used 62069K [0x0000000080000000, 0x0000000100000000)
  region size 1024K, 33 young (33792K), 1 survivors (1024K)
 Metaspace       used 35673K, committed 36096K, reserved 1114112K
  class space    used 4968K, committed 5184K, reserved 1048576K
}
Event: 10.813 GC heap after
{Heap after GC invocations=14 (full 0):
 garbage-first heap   total 78848K, used 31500K [0x0000000080000000, 0x0000000100000000)
  region size 1024K, 3 young (3072K), 3 survivors (3072K)
 Metaspace       used 35673K, committed 36096K, reserved 1114112K
  class space    used 4968K, committed 5184K, reserved 1048576K
}
Event: 10.814 GC heap before
{Heap before GC invocations=14 (full 0):
 garbage-first heap   total 78848K, used 31500K [0x0000000080000000, 0x0000000100000000)
  region size 1024K, 4 young (4096K), 3 survivors (3072K)
 Metaspace       used 35675K, committed 36096K, reserved 1114112K
  class space    used 4969K, committed 5184K, reserved 1048576K
}
Event: 10.818 GC heap after
{Heap after GC invocations=15 (full 0):
 garbage-first heap   total 78848K, used 31685K [0x0000000080000000, 0x0000000100000000)
  region size 1024K, 3 young (3072K), 3 survivors (3072K)
 Metaspace       used 35675K, committed 36096K, reserved 1114112K
  class space    used 4969K, committed 5184K, reserved 1048576K
}
Event: 11.560 GC heap before
{Heap before GC invocations=16 (full 0):
 garbage-first heap   total 78848K, used 63429K [0x0000000080000000, 0x0000000100000000)
  region size 1024K, 34 young (34816K), 3 survivors (3072K)
 Metaspace       used 39118K, committed 39680K, reserved 1114112K
  class space    used 5551K, committed 5824K, reserved 1048576K
}
Event: 11.565 GC heap after
{Heap after GC invocations=17 (full 0):
 garbage-first heap   total 78848K, used 32962K [0x0000000080000000, 0x0000000100000000)
  region size 1024K, 4 young (4096K), 4 survivors (4096K)
 Metaspace       used 39118K, committed 39680K, reserved 1114112K
  class space    used 5551K, committed 5824K, reserved 1048576K
}
Event: 11.584 GC heap before
{Heap before GC invocations=17 (full 0):
 garbage-first heap   total 78848K, used 33986K [0x0000000080000000, 0x0000000100000000)
  region size 1024K, 5 young (5120K), 4 survivors (4096K)
 Metaspace       used 39311K, committed 39872K, reserved 1114112K
  class space    used 5567K, committed 5824K, reserved 1048576K
}
Event: 11.592 GC heap after
{Heap after GC invocations=18 (full 0):
 garbage-first heap   total 78848K, used 32977K [0x0000000080000000, 0x0000000100000000)
  region size 1024K, 1 young (1024K), 1 survivors (1024K)
 Metaspace       used 39311K, committed 39872K, reserved 1114112K
  class space    used 5567K, committed 5824K, reserved 1048576K
}
Event: 12.365 GC heap before
{Heap before GC invocations=18 (full 0):
 garbage-first heap   total 78848K, used 64721K [0x0000000080000000, 0x0000000100000000)
  region size 1024K, 32 young (32768K), 1 survivors (1024K)
 Metaspace       used 43086K, committed 43584K, reserved 1114112K
  class space    used 6073K, committed 6336K, reserved 1048576K
}
Event: 12.370 GC heap after
{Heap after GC invocations=19 (full 0):
 garbage-first heap   total 78848K, used 33618K [0x0000000080000000, 0x0000000100000000)
  region size 1024K, 2 young (2048K), 2 survivors (2048K)
 Metaspace       used 43086K, committed 43584K, reserved 1114112K
  class space    used 6073K, committed 6336K, reserved 1048576K
}
Event: 13.109 GC heap before
{Heap before GC invocations=19 (full 0):
 garbage-first heap   total 78848K, used 64338K [0x0000000080000000, 0x0000000100000000)
  region size 1024K, 32 young (32768K), 2 survivors (2048K)
 Metaspace       used 46787K, committed 47360K, reserved 1114112K
  class space    used 6637K, committed 6912K, reserved 1048576K
}
Event: 13.120 GC heap after
{Heap after GC invocations=20 (full 0):
 garbage-first heap   total 78848K, used 35748K [0x0000000080000000, 0x0000000100000000)
  region size 1024K, 4 young (4096K), 4 survivors (4096K)
 Metaspace       used 46787K, committed 47360K, reserved 1114112K
  class space    used 6637K, committed 6912K, reserved 1048576K
}
Event: 13.850 GC heap before
{Heap before GC invocations=20 (full 0):
 garbage-first heap   total 78848K, used 64420K [0x0000000080000000, 0x0000000100000000)
  region size 1024K, 32 young (32768K), 4 survivors (4096K)
 Metaspace       used 49786K, committed 50368K, reserved 1114112K
  class space    used 7104K, committed 7360K, reserved 1048576K
}

