# JRE version: OpenJDK Runtime Environment Microsoft-12574423 (17.0.17+10) (build 17.0.17+10-LTS)
# Java VM: OpenJDK 64-Bit Server VM Microsoft-12574423 (17.0.17+10-LTS, mixed mode, sharing, tiered, compressed oops, compressed class ptrs, g1 gc, windows-amd64)
GC Precious Log:
 CPUs: 4 total, 4 available
 Memory: 3994M
 Large Page Support: Disabled
 NUMA Support: Disabled
 Compressed Oops: Enabled (32-bit)
 Heap Region Size: 1M
 Heap Min Capacity: 8M
 Heap Initial Capacity: 64M
 Heap Max Capacity: 2G
 Pre-touch: Disabled
 Parallel Workers: 4
 Concurrent Workers: 1
 Concurrent Refinement Workers: 4
 Periodic GC: Disabled
Heap:
 garbage-first heap   total 99328K, used 49542K [0x0000000080000000, 0x0000000100000000)
  region size 1024K, 1 young (1024K), 1 survivors (1024K)
 Metaspace       used 51851K, committed 52480K, reserved 1114112K
  class space    used 7277K, committed 7552K, reserved 1048576K
GC Heap History (20 events):
Event: 28.585 GC heap after
{Heap after GC invocations=23 (full 0):
 garbage-first heap   total 78848K, used 45355K [0x0000000080000000, 0x0000000100000000)
  region size 1024K, 3 young (3072K), 3 survivors (3072K)
 Metaspace       used 51085K, committed 51648K, reserved 1114112K
  class space    used 7216K, committed 7488K, reserved 1048576K
}
Event: 28.951 GC heap before
{Heap before GC invocations=23 (full 0):
 garbage-first heap   total 78848K, used 61739K [0x0000000080000000, 0x0000000100000000)
  region size 1024K, 20 young (20480K), 3 survivors (3072K)
 Metaspace       used 51221K, committed 51776K, reserved 1114112K
  class space    used 7219K, committed 7488K, reserved 1048576K
}
Event: 28.958 GC heap after
{Heap after GC invocations=24 (full 0):
 garbage-first heap   total 78848K, used 45978K [0x0000000080000000, 0x0000000100000000)
  region size 1024K, 3 young (3072K), 3 survivors (3072K)
 Metaspace       used 51221K, committed 51776K, reserved 1114112K
  class space    used 7219K, committed 7488K, reserved 1048576K
}
Event: 29.518 GC heap before
{Heap before GC invocations=25 (full 0):
 garbage-first heap   total 80896K, used 62362K [0x0000000080000000, 0x0000000100000000)
  region size 1024K, 20 young (20480K), 3 survivors (3072K)
 Metaspace       used 51461K, committed 52032K, reserved 1114112K
  class space    used 7242K, committed 7488K, reserved 1048576K
}
Event: 29.523 GC heap after
{Heap after GC invocations=26 (full 0):
 garbage-first heap   total 80896K, used 46523K [0x0000000080000000, 0x0000000100000000)
  region size 1024K, 3 young (3072K), 3 survivors (3072K)
 Metaspace       used 51461K, committed 52032K, reserved 1114112K
  class space    used 7242K, committed 7488K, reserved 1048576K
}
Event: 29.557 GC heap before
{Heap before GC invocations=26 (full 0):
 garbage-first heap   total 80896K, used 46523K [0x0000000080000000, 0x0000000100000000)
  region size 1024K, 4 young (4096K), 3 survivors (3072K)
 Metaspace       used 51469K, committed 52032K, reserved 1114112K
  class space    used 7242K, committed 7488K, reserved 1048576K
}
Event: 29.564 GC heap after
{Heap after GC invocations=27 (full 0):
 garbage-first heap   total 97280K, used 46157K [0x0000000080000000, 0x0000000100000000)
  region size 1024K, 1 young (1024K), 1 survivors (1024K)
 Metaspace       used 51469K, committed 52032K, reserved 1114112K
  class space    used 7242K, committed 7488K, reserved 1048576K
}
Event: 30.472 GC heap before
{Heap before GC invocations=27 (full 0):
 garbage-first heap   total 97280K, used 74829K [0x0000000080000000, 0x0000000100000000)
  region size 1024K, 30 young (30720K), 1 survivors (1024K)
 Metaspace       used 51611K, committed 52160K, reserved 1114112K
  class space    used 7242K, committed 7488K, reserved 1048576K
}
Event: 30.480 GC heap after
{Heap after GC invocations=28 (full 0):
 garbage-first heap   total 97280K, used 48815K [0x0000000080000000, 0x0000000100000000)
  region size 1024K, 4 young (4096K), 4 survivors (4096K)
 Metaspace       used 51611K, committed 52160K, reserved 1114112K
  class space    used 7242K, committed 7488K, reserved 1048576K
}
Event: 31.219 GC heap before
{Heap before GC invocations=29 (full 0):
 garbage-first heap   total 97280K, used 74415K [0x0000000080000000, 0x0000000100000000)
  region size 1024K, 31 young (31744K), 4 survivors (4096K)
 Metaspace       used 51620K, committed 52160K, reserved 1114112K
  class space    used 7242K, committed 7488K, reserved 1048576K
}
Event: 31.224 GC heap after
{Heap after GC invocations=30 (full 0):
 garbage-first heap   total 97280K, used 48502K [0x0000000080000000, 0x0000000100000000)
  region size 1024K, 4 young (4096K), 4 survivors (4096K)
 Metaspace       used 51620K, committed 52160K, reserved 1114112K
  class space    used 7242K, committed 7488K, reserved 1048576K
}
Event: 31.233 GC heap before
{Heap before GC invocations=30 (full 0):
 garbage-first heap   total 97280K, used 49526K [0x0000000080000000, 0x0000000100000000)
  region size 1024K, 5 young (5120K), 4 survivors (4096K)
 Metaspace       used 51620K, committed 52160K, reserved 1114112K
  class space    used 7242K, committed 7488K, reserved 1048576K
}
Event: 31.238 GC heap after
{Heap after GC invocations=31 (full 0):
 garbage-first heap   total 97280K, used 47871K [0x0000000080000000, 0x0000000100000000)
  region size 1024K, 1 young (1024K), 1 survivors (1024K)
 Metaspace       used 51620K, committed 52160K, reserved 1114112K
  class space    used 7242K, committed 7488K, reserved 1048576K
}
Event: 31.648 GC heap before
{Heap before GC invocations=31 (full 0):
 garbage-first heap   total 97280K, used 75519K [0x0000000080000000, 0x0000000100000000)
  region size 1024K, 29 young (29696K), 1 survivors (1024K)
 Metaspace       used 51623K, committed 52160K, reserved 1114112K
  class space    used 7243K, committed 7488K, reserved 1048576K
}
Event: 31.653 GC heap after
{Heap after GC invocations=32 (full 0):
 garbage-first heap   total 97280K, used 50476K [0x0000000080000000, 0x0000000100000000)
  region size 1024K, 3 young (3072K), 3 survivors (3072K)
 Metaspace       used 51623K, committed 52160K, reserved 1114112K
  class space    used 7243K, committed 7488K, reserved 1048576K
}
Event: 32.110 GC heap before
{Heap before GC invocations=33 (full 0):
 garbage-first heap   total 99328K, used 76760K [0x0000000080000000, 0x0000000100000000)
  region size 1024K, 30 young (30720K), 3 survivors (3072K)
 Metaspace       used 51835K, committed 52480K, reserved 1114112K
  class space    used 7276K, committed 7552K, reserved 1048576K
}
Event: 32.115 GC heap after
{Heap after GC invocations=34 (full 0):
 garbage-first heap   total 99328K, used 51315K [0x0000000080000000, 0x0000000100000000)
  region size 1024K, 4 young (4096K), 4 survivors (4096K)
 Metaspace       used 51835K, committed 52480K, reserved 1114112K
  class space    used 7276K, committed 7552K, reserved 1048576K
}
Event: 32.126 GC heap before
{Heap before GC invocations=34 (full 0):
 garbage-first heap   total 99328K, used 52339K [0x0000000080000000, 0x0000000100000000)
  region size 1024K, 5 young (5120K), 4 survivors (4096K)
 Metaspace       used 51839K, committed 52480K, reserved 1114112K
  class space    used 7276K, committed 7552K, reserved 1048576K
}
Event: 32.130 GC heap after
{Heap after GC invocations=35 (full 0):
 garbage-first heap   total 99328K, used 49923K [0x0000000080000000, 0x0000000100000000)
  region size 1024K, 1 young (1024K), 1 survivors (1024K)
 Metaspace       used 51839K, committed 52480K, reserved 1114112K
  class space    used 7276K, committed 7552K, reserved 1048576K
}
Event: 32.160 GC heap before
{Heap before GC invocations=35 (full 0):
 garbage-first heap   total 99328K, used 50947K [0x0000000080000000, 0x0000000100000000)
  region size 1024K, 3 young (3072K), 1 survivors (1024K)
 Metaspace       used 51851K, committed 52480K, reserved 1114112K
  class space    used 7277K, committed 7552K, reserved 1048576K
}

