# JRE version: OpenJDK Runtime Environment Microsoft-12574423 (17.0.17+10) (build 17.0.17+10-LTS)
# Java VM: OpenJDK 64-Bit Server VM Microsoft-12574423 (17.0.17+10-LTS, mixed mode, sharing, tiered, compressed oops, compressed class ptrs, g1 gc, windows-amd64)
GC Precious Log:
 CPUs: 4 total, 4 available
 Memory: 3994M
 Large Page Support: Disabled
 NUMA Support: Disabled
 Compressed Oops: Enabled (32-bit)
 Heap Region Size: 1M
 Heap Min Capacity: 8M
 Heap Initial Capacity: 64M
 Heap Max Capacity: 2G
 Pre-touch: Disabled
 Parallel Workers: 4
 Concurrent Workers: 1
 Concurrent Refinement Workers: 4
 Periodic GC: Disabled
Heap:
 garbage-first heap   total 101376K, used 51148K [0x0000000080000000, 0x0000000100000000)
  region size 1024K, 19 young (19456K), 3 survivors (3072K)
 Metaspace       used 49027K, committed 49600K, reserved 1114112K
  class space    used 6998K, committed 7232K, reserved 1048576K
GC Heap History (20 events):
Event: 7.456 GC heap before
{Heap before GC invocations=7 (full 0):
 garbage-first heap   total 65536K, used 43680K [0x0000000080000000, 0x0000000100000000)
  region size 1024K, 25 young (25600K), 3 survivors (3072K)
 Metaspace       used 21178K, committed 21504K, reserved 1114112K
  class space    used 3111K, committed 3264K, reserved 1048576K
}
Event: 7.462 GC heap after
{Heap after GC invocations=8 (full 0):
 garbage-first heap   total 65536K, used 23604K [0x0000000080000000, 0x0000000100000000)
  region size 1024K, 3 young (3072K), 3 survivors (3072K)
 Metaspace       used 21178K, committed 21504K, reserved 1114112K
  class space    used 3111K, committed 3264K, reserved 1048576K
}
Event: 8.326 GC heap before
{Heap before GC invocations=9 (full 0):
 garbage-first heap   total 65536K, used 49204K [0x0000000080000000, 0x0000000100000000)
  region size 1024K, 29 young (29696K), 3 survivors (3072K)
 Metaspace       used 24722K, committed 25088K, reserved 1114112K
  class space    used 3646K, committed 3776K, reserved 1048576K
}
Event: 8.335 GC heap after
{Heap after GC invocations=10 (full 0):
 garbage-first heap   total 65536K, used 25013K [0x0000000080000000, 0x0000000100000000)
  region size 1024K, 3 young (3072K), 3 survivors (3072K)
 Metaspace       used 24722K, committed 25088K, reserved 1114112K
  class space    used 3646K, committed 3776K, reserved 1048576K
}
Event: 8.374 GC heap before
{Heap before GC invocations=10 (full 0):
 garbage-first heap   total 65536K, used 26037K [0x0000000080000000, 0x0000000100000000)
  region size 1024K, 4 young (4096K), 3 survivors (3072K)
 Metaspace       used 24862K, committed 25216K, reserved 1114112K
  class space    used 3675K, committed 3840K, reserved 1048576K
}
Event: 8.382 GC heap after
{Heap after GC invocations=11 (full 0):
 garbage-first heap   total 65536K, used 24753K [0x0000000080000000, 0x0000000100000000)
  region size 1024K, 1 young (1024K), 1 survivors (1024K)
 Metaspace       used 24862K, committed 25216K, reserved 1114112K
  class space    used 3675K, committed 3840K, reserved 1048576K
}
Event: 9.077 GC heap before
{Heap before GC invocations=11 (full 0):
 garbage-first heap   total 65536K, used 50353K [0x0000000080000000, 0x0000000100000000)
  region size 1024K, 27 young (27648K), 1 survivors (1024K)
 Metaspace       used 29660K, committed 30080K, reserved 1114112K
  class space    used 4152K, committed 4352K, reserved 1048576K
}
Event: 9.085 GC heap after
{Heap after GC invocations=12 (full 0):
 garbage-first heap   total 65536K, used 28022K [0x0000000080000000, 0x0000000100000000)
  region size 1024K, 4 young (4096K), 4 survivors (4096K)
 Metaspace       used 29660K, committed 30080K, reserved 1114112K
  class space    used 4152K, committed 4352K, reserved 1048576K
}
Event: 9.414 GC heap before
{Heap before GC invocations=12 (full 0):
 garbage-first heap   total 65536K, used 51574K [0x0000000080000000, 0x0000000100000000)
  region size 1024K, 26 young (26624K), 4 survivors (4096K)
 Metaspace       used 31658K, committed 32064K, reserved 1114112K
  class space    used 4340K, committed 4544K, reserved 1048576K
}
Event: 9.421 GC heap after
{Heap after GC invocations=13 (full 0):
 garbage-first heap   total 101376K, used 28930K [0x0000000080000000, 0x0000000100000000)
  region size 1024K, 2 young (2048K), 2 survivors (2048K)
 Metaspace       used 31658K, committed 32064K, reserved 1114112K
  class space    used 4340K, committed 4544K, reserved 1048576K
}
Event: 10.597 GC heap before
{Heap before GC invocations=13 (full 0):
 garbage-first heap   total 101376K, used 78082K [0x0000000080000000, 0x0000000100000000)
  region size 1024K, 50 young (51200K), 2 survivors (2048K)
 Metaspace       used 34241K, committed 34624K, reserved 1114112K
  class space    used 4766K, committed 4928K, reserved 1048576K
}
Event: 10.603 GC heap after
{Heap after GC invocations=14 (full 0):
 garbage-first heap   total 101376K, used 30923K [0x0000000080000000, 0x0000000100000000)
  region size 1024K, 4 young (4096K), 4 survivors (4096K)
 Metaspace       used 34241K, committed 34624K, reserved 1114112K
  class space    used 4766K, committed 4928K, reserved 1048576K
}
Event: 11.032 GC heap before
{Heap before GC invocations=14 (full 0):
 garbage-first heap   total 101376K, used 42187K [0x0000000080000000, 0x0000000100000000)
  region size 1024K, 16 young (16384K), 4 survivors (4096K)
 Metaspace       used 35651K, committed 36096K, reserved 1114112K
  class space    used 4969K, committed 5184K, reserved 1048576K
}
Event: 11.038 GC heap after
{Heap after GC invocations=15 (full 0):
 garbage-first heap   total 101376K, used 31676K [0x0000000080000000, 0x0000000100000000)
  region size 1024K, 5 young (5120K), 5 survivors (5120K)
 Metaspace       used 35651K, committed 36096K, reserved 1114112K
  class space    used 4969K, committed 5184K, reserved 1048576K
}
Event: 12.381 GC heap before
{Heap before GC invocations=16 (full 0):
 garbage-first heap   total 101376K, used 80828K [0x0000000080000000, 0x0000000100000000)
  region size 1024K, 53 young (54272K), 5 survivors (5120K)
 Metaspace       used 41335K, committed 41856K, reserved 1114112K
  class space    used 5844K, committed 6080K, reserved 1048576K
}
Event: 12.389 GC heap after
{Heap after GC invocations=17 (full 0):
 garbage-first heap   total 101376K, used 33041K [0x0000000080000000, 0x0000000100000000)
  region size 1024K, 5 young (5120K), 5 survivors (5120K)
 Metaspace       used 41335K, committed 41856K, reserved 1114112K
  class space    used 5844K, committed 6080K, reserved 1048576K
}
Event: 12.416 GC heap before
{Heap before GC invocations=17 (full 0):
 garbage-first heap   total 101376K, used 33041K [0x0000000080000000, 0x0000000100000000)
  region size 1024K, 6 young (6144K), 5 survivors (5120K)
 Metaspace       used 41482K, committed 42048K, reserved 1114112K
  class space    used 5866K, committed 6144K, reserved 1048576K
}
Event: 12.423 GC heap after
{Heap after GC invocations=18 (full 0):
 garbage-first heap   total 101376K, used 33545K [0x0000000080000000, 0x0000000100000000)
  region size 1024K, 1 young (1024K), 1 survivors (1024K)
 Metaspace       used 41482K, committed 42048K, reserved 1114112K
  class space    used 5866K, committed 6144K, reserved 1048576K
}
Event: 14.684 GC heap before
{Heap before GC invocations=18 (full 0):
 garbage-first heap   total 101376K, used 82697K [0x0000000080000000, 0x0000000100000000)
  region size 1024K, 49 young (50176K), 1 survivors (1024K)
 Metaspace       used 47397K, committed 47936K, reserved 1114112K
  class space    used 6735K, committed 6976K, reserved 1048576K
}
Event: 14.690 GC heap after
{Heap after GC invocations=19 (full 0):
 garbage-first heap   total 101376K, used 35788K [0x0000000080000000, 0x0000000100000000)
  region size 1024K, 3 young (3072K), 3 survivors (3072K)
 Metaspace       used 47397K, committed 47936K, reserved 1114112K
  class space    used 6735K, committed 6976K, reserved 1048576K
}

