# JRE version: OpenJDK Runtime Environment Microsoft-12574423 (17.0.17+10) (build 17.0.17+10-LTS)
# Java VM: OpenJDK 64-Bit Server VM Microsoft-12574423 (17.0.17+10-LTS, mixed mode, sharing, tiered, compressed oops, compressed class ptrs, g1 gc, windows-amd64)
GC Precious Log:
 CPUs: 4 total, 4 available
 Memory: 3994M
 Large Page Support: Disabled
 NUMA Support: Disabled
 Compressed Oops: Enabled (32-bit)
 Heap Region Size: 1M
 Heap Min Capacity: 8M
 Heap Initial Capacity: 64M
 Heap Max Capacity: 2G
 Pre-touch: Disabled
 Parallel Workers: 4
 Concurrent Workers: 1
 Concurrent Refinement Workers: 4
 Periodic GC: Disabled
Heap:
 garbage-first heap   total 98304K, used 45731K [0x0000000080000000, 0x0000000100000000)
  region size 1024K, 4 young (4096K), 4 survivors (4096K)
 Metaspace       used 51595K, committed 52160K, reserved 1114112K
  class space    used 7238K, committed 7488K, reserved 1048576K
GC Heap History (20 events):
Event: 11.751 GC heap after
{Heap after GC invocations=11 (full 0):
 garbage-first heap   total 65536K, used 24921K [0x0000000080000000, 0x0000000100000000)
  region size 1024K, 1 young (1024K), 1 survivors (1024K)
 Metaspace       used 24854K, committed 25216K, reserved 1114112K
  class space    used 3668K, committed 3840K, reserved 1048576K
}
Event: 13.272 GC heap before
{Heap before GC invocations=11 (full 0):
 garbage-first heap   total 65536K, used 50521K [0x0000000080000000, 0x0000000100000000)
  region size 1024K, 27 young (27648K), 1 survivors (1024K)
 Metaspace       used 29686K, committed 30080K, reserved 1114112K
  class space    used 4153K, committed 4352K, reserved 1048576K
}
Event: 13.277 GC heap after
{Heap after GC invocations=12 (full 0):
 garbage-first heap   total 98304K, used 28147K [0x0000000080000000, 0x0000000100000000)
  region size 1024K, 4 young (4096K), 4 survivors (4096K)
 Metaspace       used 29686K, committed 30080K, reserved 1114112K
  class space    used 4153K, committed 4352K, reserved 1048576K
}
Event: 14.497 GC heap before
{Heap before GC invocations=12 (full 0):
 garbage-first heap   total 98304K, used 76275K [0x0000000080000000, 0x0000000100000000)
  region size 1024K, 50 young (51200K), 4 survivors (4096K)
 Metaspace       used 32068K, committed 32512K, reserved 1114112K
  class space    used 4398K, committed 4608K, reserved 1048576K
}
Event: 14.503 GC heap after
{Heap after GC invocations=13 (full 0):
 garbage-first heap   total 98304K, used 29195K [0x0000000080000000, 0x0000000100000000)
  region size 1024K, 5 young (5120K), 5 survivors (5120K)
 Metaspace       used 32068K, committed 32512K, reserved 1114112K
  class space    used 4398K, committed 4608K, reserved 1048576K
}
Event: 16.542 GC heap before
{Heap before GC invocations=13 (full 0):
 garbage-first heap   total 98304K, used 64011K [0x0000000080000000, 0x0000000100000000)
  region size 1024K, 40 young (40960K), 5 survivors (5120K)
 Metaspace       used 35699K, committed 36160K, reserved 1114112K
  class space    used 4969K, committed 5184K, reserved 1048576K
}
Event: 16.552 GC heap after
{Heap after GC invocations=14 (full 0):
 garbage-first heap   total 98304K, used 31854K [0x0000000080000000, 0x0000000100000000)
  region size 1024K, 5 young (5120K), 5 survivors (5120K)
 Metaspace       used 35699K, committed 36160K, reserved 1114112K
  class space    used 4969K, committed 5184K, reserved 1048576K
}
Event: 17.796 GC heap before
{Heap before GC invocations=15 (full 0):
 garbage-first heap   total 98304K, used 75886K [0x0000000080000000, 0x0000000100000000)
  region size 1024K, 48 young (49152K), 5 survivors (5120K)
 Metaspace       used 40682K, committed 41216K, reserved 1114112K
  class space    used 5752K, committed 6016K, reserved 1048576K
}
Event: 17.807 GC heap after
{Heap after GC invocations=16 (full 0):
 garbage-first heap   total 98304K, used 33580K [0x0000000080000000, 0x0000000100000000)
  region size 1024K, 5 young (5120K), 5 survivors (5120K)
 Metaspace       used 40682K, committed 41216K, reserved 1114112K
  class space    used 5752K, committed 6016K, reserved 1048576K
}
Event: 17.820 GC heap before
{Heap before GC invocations=16 (full 0):
 garbage-first heap   total 98304K, used 34604K [0x0000000080000000, 0x0000000100000000)
  region size 1024K, 6 young (6144K), 5 survivors (5120K)
 Metaspace       used 40850K, committed 41344K, reserved 1114112K
  class space    used 5771K, committed 6016K, reserved 1048576K
}
Event: 17.830 GC heap after
{Heap after GC invocations=17 (full 0):
 garbage-first heap   total 98304K, used 33725K [0x0000000080000000, 0x0000000100000000)
  region size 1024K, 1 young (1024K), 1 survivors (1024K)
 Metaspace       used 40850K, committed 41344K, reserved 1114112K
  class space    used 5771K, committed 6016K, reserved 1048576K
}
Event: 18.899 GC heap before
{Heap before GC invocations=17 (full 0):
 garbage-first heap   total 98304K, used 77757K [0x0000000080000000, 0x0000000100000000)
  region size 1024K, 44 young (45056K), 1 survivors (1024K)
 Metaspace       used 46354K, committed 46912K, reserved 1114112K
  class space    used 6560K, committed 6784K, reserved 1048576K
}
Event: 18.911 GC heap after
{Heap after GC invocations=18 (full 0):
 garbage-first heap   total 98304K, used 35692K [0x0000000080000000, 0x0000000100000000)
  region size 1024K, 3 young (3072K), 3 survivors (3072K)
 Metaspace       used 46354K, committed 46912K, reserved 1114112K
  class space    used 6560K, committed 6784K, reserved 1048576K
}
Event: 20.478 GC heap before
{Heap before GC invocations=18 (full 0):
 garbage-first heap   total 98304K, used 77676K [0x0000000080000000, 0x0000000100000000)
  region size 1024K, 44 young (45056K), 3 survivors (3072K)
 Metaspace       used 50177K, committed 50752K, reserved 1114112K
  class space    used 7124K, committed 7360K, reserved 1048576K
}
Event: 20.487 GC heap after
{Heap after GC invocations=19 (full 0):
 garbage-first heap   total 98304K, used 39472K [0x0000000080000000, 0x0000000100000000)
  region size 1024K, 6 young (6144K), 6 survivors (6144K)
 Metaspace       used 50177K, committed 50752K, reserved 1114112K
  class space    used 7124K, committed 7360K, reserved 1048576K
}
Event: 21.577 GC heap before
{Heap before GC invocations=19 (full 0):
 garbage-first heap   total 98304K, used 77360K [0x0000000080000000, 0x0000000100000000)
  region size 1024K, 44 young (45056K), 6 survivors (6144K)
 Metaspace       used 51100K, committed 51648K, reserved 1114112K
  class space    used 7212K, committed 7488K, reserved 1048576K
}
Event: 21.592 GC heap after
{Heap after GC invocations=20 (full 0):
 garbage-first heap   total 98304K, used 43770K [0x0000000080000000, 0x0000000100000000)
  region size 1024K, 5 young (5120K), 5 survivors (5120K)
 Metaspace       used 51100K, committed 51648K, reserved 1114112K
  class space    used 7212K, committed 7488K, reserved 1048576K
}
Event: 22.177 GC heap before
{Heap before GC invocations=20 (full 0):
 garbage-first heap   total 98304K, used 77562K [0x0000000080000000, 0x0000000100000000)
  region size 1024K, 38 young (38912K), 5 survivors (5120K)
 Metaspace       used 51501K, committed 52032K, reserved 1114112K
  class space    used 7238K, committed 7488K, reserved 1048576K
}
Event: 22.184 GC heap after
{Heap after GC invocations=21 (full 0):
 garbage-first heap   total 98304K, used 44716K [0x0000000080000000, 0x0000000100000000)
  region size 1024K, 4 young (4096K), 4 survivors (4096K)
 Metaspace       used 51501K, committed 52032K, reserved 1114112K
  class space    used 7238K, committed 7488K, reserved 1048576K
}
Event: 22.652 GC heap before
{Heap before GC invocations=21 (full 0):
 garbage-first heap   total 98304K, used 76460K [0x0000000080000000, 0x0000000100000000)
  region size 1024K, 36 young (36864K), 4 survivors (4096K)
 Metaspace       used 51595K, committed 52160K, reserved 1114112K
  class space    used 7238K, committed 7488K, reserved 1048576K
}

