# JRE version: OpenJDK Runtime Environment Microsoft-12574423 (17.0.17+10) (build 17.0.17+10-LTS)
# Java VM: OpenJDK 64-Bit Server VM Microsoft-12574423 (17.0.17+10-LTS, mixed mode, sharing, tiered, compressed oops, compressed class ptrs, g1 gc, windows-amd64)
GC Precious Log:
 CPUs: 4 total, 4 available
 Memory: 3994M
 Large Page Support: Disabled
 NUMA Support: Disabled
 Compressed Oops: Enabled (32-bit)
 Heap Region Size: 1M
 Heap Min Capacity: 8M
 Heap Initial Capacity: 64M
 Heap Max Capacity: 2G
 Pre-touch: Disabled
 Parallel Workers: 4
 Concurrent Workers: 1
 Concurrent Refinement Workers: 4
 Periodic GC: Disabled
Heap:
 garbage-first heap   total 190464K, used 133181K [0x0000000080000000, 0x0000000100000000)
  region size 1024K, 34 young (34816K), 3 survivors (3072K)
 Metaspace       used 93935K, committed 94784K, reserved 1179648K
  class space    used 13002K, committed 13376K, reserved 1048576K
GC Heap History (20 events):
Event: 17.933 GC heap before
{Heap before GC invocations=29 (full 0):
 garbage-first heap   total 190464K, used 138630K [0x0000000080000000, 0x0000000100000000)
  region size 1024K, 63 young (64512K), 1 survivors (1024K)
 Metaspace       used 62998K, committed 63616K, reserved 1114112K
  class space    used 8636K, committed 8960K, reserved 1048576K
}
Event: 17.939 GC heap after
{Heap after GC invocations=30 (full 0):
 garbage-first heap   total 190464K, used 77506K [0x0000000080000000, 0x0000000100000000)
  region size 1024K, 4 young (4096K), 4 survivors (4096K)
 Metaspace       used 62998K, committed 63616K, reserved 1114112K
  class space    used 8636K, committed 8960K, reserved 1048576K
}
Event: 19.041 GC heap before
{Heap before GC invocations=30 (full 0):
 garbage-first heap   total 190464K, used 145090K [0x0000000080000000, 0x0000000100000000)
  region size 1024K, 67 young (68608K), 4 survivors (4096K)
 Metaspace       used 67321K, committed 67968K, reserved 1114112K
  class space    used 9170K, committed 9472K, reserved 1048576K
}
Event: 19.049 GC heap after
{Heap after GC invocations=31 (full 0):
 garbage-first heap   total 190464K, used 82229K [0x0000000080000000, 0x0000000100000000)
  region size 1024K, 8 young (8192K), 8 survivors (8192K)
 Metaspace       used 67321K, committed 67968K, reserved 1114112K
  class space    used 9170K, committed 9472K, reserved 1048576K
}
Event: 20.315 GC heap before
{Heap before GC invocations=31 (full 0):
 garbage-first heap   total 190464K, used 150837K [0x0000000080000000, 0x0000000100000000)
  region size 1024K, 71 young (72704K), 8 survivors (8192K)
 Metaspace       used 73067K, committed 73728K, reserved 1114112K
  class space    used 9929K, committed 10240K, reserved 1048576K
}
Event: 20.327 GC heap after
{Heap after GC invocations=32 (full 0):
 garbage-first heap   total 190464K, used 90124K [0x0000000080000000, 0x0000000100000000)
  region size 1024K, 4 young (4096K), 4 survivors (4096K)
 Metaspace       used 73067K, committed 73728K, reserved 1114112K
  class space    used 9929K, committed 10240K, reserved 1048576K
}
Event: 22.066 GC heap before
{Heap before GC invocations=32 (full 0):
 garbage-first heap   total 190464K, used 151564K [0x0000000080000000, 0x0000000100000000)
  region size 1024K, 64 young (65536K), 4 survivors (4096K)
 Metaspace       used 75288K, committed 75968K, reserved 1179648K
  class space    used 10215K, committed 10560K, reserved 1048576K
}
Event: 22.077 GC heap after
{Heap after GC invocations=33 (full 0):
 garbage-first heap   total 190464K, used 95232K [0x0000000080000000, 0x0000000100000000)
  region size 1024K, 8 young (8192K), 8 survivors (8192K)
 Metaspace       used 75288K, committed 75968K, reserved 1179648K
  class space    used 10215K, committed 10560K, reserved 1048576K
}
Event: 23.221 GC heap before
{Heap before GC invocations=34 (full 0):
 garbage-first heap   total 190464K, used 153600K [0x0000000080000000, 0x0000000100000000)
  region size 1024K, 65 young (66560K), 8 survivors (8192K)
 Metaspace       used 79251K, committed 79936K, reserved 1179648K
  class space    used 10857K, committed 11200K, reserved 1048576K
}
Event: 23.234 GC heap after
{Heap after GC invocations=35 (full 0):
 garbage-first heap   total 190464K, used 97786K [0x0000000080000000, 0x0000000100000000)
  region size 1024K, 7 young (7168K), 7 survivors (7168K)
 Metaspace       used 79251K, committed 79936K, reserved 1179648K
  class space    used 10857K, committed 11200K, reserved 1048576K
}
Event: 23.298 GC heap before
{Heap before GC invocations=35 (full 0):
 garbage-first heap   total 190464K, used 99834K [0x0000000080000000, 0x0000000100000000)
  region size 1024K, 9 young (9216K), 7 survivors (7168K)
 Metaspace       used 79423K, committed 80128K, reserved 1179648K
  class space    used 10888K, committed 11200K, reserved 1048576K
}
Event: 23.307 GC heap after
{Heap after GC invocations=36 (full 0):
 garbage-first heap   total 190464K, used 96811K [0x0000000080000000, 0x0000000100000000)
  region size 1024K, 1 young (1024K), 1 survivors (1024K)
 Metaspace       used 79423K, committed 80128K, reserved 1179648K
  class space    used 10888K, committed 11200K, reserved 1048576K
}
Event: 25.021 GC heap before
{Heap before GC invocations=36 (full 0):
 garbage-first heap   total 190464K, used 156203K [0x0000000080000000, 0x0000000100000000)
  region size 1024K, 59 young (60416K), 1 survivors (1024K)
 Metaspace       used 83525K, committed 84288K, reserved 1179648K
  class space    used 11544K, committed 11904K, reserved 1048576K
}
Event: 25.027 GC heap after
{Heap after GC invocations=37 (full 0):
 garbage-first heap   total 190464K, used 98319K [0x0000000080000000, 0x0000000100000000)
  region size 1024K, 3 young (3072K), 3 survivors (3072K)
 Metaspace       used 83525K, committed 84288K, reserved 1179648K
  class space    used 11544K, committed 11904K, reserved 1048576K
}
Event: 26.410 GC heap before
{Heap before GC invocations=38 (full 0):
 garbage-first heap   total 190464K, used 157711K [0x0000000080000000, 0x0000000100000000)
  region size 1024K, 61 young (62464K), 3 survivors (3072K)
 Metaspace       used 87136K, committed 87872K, reserved 1179648K
  class space    used 12096K, committed 12416K, reserved 1048576K
}
Event: 26.421 GC heap after
{Heap after GC invocations=39 (full 0):
 garbage-first heap   total 190464K, used 102152K [0x0000000080000000, 0x0000000100000000)
  region size 1024K, 7 young (7168K), 7 survivors (7168K)
 Metaspace       used 87136K, committed 87872K, reserved 1179648K
  class space    used 12096K, committed 12416K, reserved 1048576K
}
Event: 26.742 GC heap before
{Heap before GC invocations=39 (full 0):
 garbage-first heap   total 190464K, used 104200K [0x0000000080000000, 0x0000000100000000)
  region size 1024K, 9 young (9216K), 7 survivors (7168K)
 Metaspace       used 87280K, committed 88064K, reserved 1179648K
  class space    used 12124K, committed 12480K, reserved 1048576K
}
Event: 26.780 GC heap after
{Heap after GC invocations=40 (full 0):
 garbage-first heap   total 190464K, used 101699K [0x0000000080000000, 0x0000000100000000)
  region size 1024K, 1 young (1024K), 1 survivors (1024K)
 Metaspace       used 87280K, committed 88064K, reserved 1179648K
  class space    used 12124K, committed 12480K, reserved 1048576K
}
Event: 28.053 GC heap before
{Heap before GC invocations=40 (full 0):
 garbage-first heap   total 190464K, used 158019K [0x0000000080000000, 0x0000000100000000)
  region size 1024K, 56 young (57344K), 1 survivors (1024K)
 Metaspace       used 92068K, committed 92800K, reserved 1179648K
  class space    used 12775K, committed 13120K, reserved 1048576K
}
Event: 28.061 GC heap after
{Heap after GC invocations=41 (full 0):
 garbage-first heap   total 190464K, used 103485K [0x0000000080000000, 0x0000000100000000)
  region size 1024K, 3 young (3072K), 3 survivors (3072K)
 Metaspace       used 92068K, committed 92800K, reserved 1179648K
  class space    used 12775K, committed 13120K, reserved 1048576K
}

