# JRE version: OpenJDK Runtime Environment Microsoft-12574423 (17.0.17+10) (build 17.0.17+10-LTS)
# Java VM: OpenJDK 64-Bit Server VM Microsoft-12574423 (17.0.17+10-LTS, mixed mode, sharing, tiered, compressed oops, compressed class ptrs, g1 gc, windows-amd64)
GC Precious Log:
 CPUs: 4 total, 4 available
 Memory: 3994M
 Large Page Support: Disabled
 NUMA Support: Disabled
 Compressed Oops: Enabled (32-bit)
 Heap Region Size: 1M
 Heap Min Capacity: 8M
 Heap Initial Capacity: 64M
 Heap Max Capacity: 2G
 Pre-touch: Disabled
 Parallel Workers: 4
 Concurrent Workers: 1
 Concurrent Refinement Workers: 4
 Periodic GC: Disabled
Heap:
 garbage-first heap   total 186368K, used 145632K [0x0000000080000000, 0x0000000100000000)
  region size 1024K, 62 young (63488K), 4 survivors (4096K)
 Metaspace       used 72776K, committed 73472K, reserved 1114112K
  class space    used 9884K, committed 10176K, reserved 1048576K
GC Heap History (20 events):
Event: 26.414 GC heap before
{Heap before GC invocations=27 (full 0):
 garbage-first heap   total 83968K, used 63565K [0x0000000080000000, 0x0000000100000000)
  region size 1024K, 19 young (19456K), 1 survivors (1024K)
 Metaspace       used 51488K, committed 52032K, reserved 1114112K
  class space    used 7247K, committed 7488K, reserved 1048576K
}
Event: 26.417 GC heap after
{Heap after GC invocations=28 (full 0):
 garbage-first heap   total 83968K, used 48316K [0x0000000080000000, 0x0000000100000000)
  region size 1024K, 3 young (3072K), 3 survivors (3072K)
 Metaspace       used 51488K, committed 52032K, reserved 1114112K
  class space    used 7247K, committed 7488K, reserved 1048576K
}
Event: 27.316 GC heap before
{Heap before GC invocations=29 (full 0):
 garbage-first heap   total 86016K, used 64700K [0x0000000080000000, 0x0000000100000000)
  region size 1024K, 20 young (20480K), 3 survivors (3072K)
 Metaspace       used 51522K, committed 52096K, reserved 1114112K
  class space    used 7247K, committed 7488K, reserved 1048576K
}
Event: 27.320 GC heap after
{Heap after GC invocations=30 (full 0):
 garbage-first heap   total 86016K, used 48962K [0x0000000080000000, 0x0000000100000000)
  region size 1024K, 3 young (3072K), 3 survivors (3072K)
 Metaspace       used 51522K, committed 52096K, reserved 1114112K
  class space    used 7247K, committed 7488K, reserved 1048576K
}
Event: 27.357 GC heap before
{Heap before GC invocations=30 (full 0):
 garbage-first heap   total 86016K, used 49986K [0x0000000080000000, 0x0000000100000000)
  region size 1024K, 4 young (4096K), 3 survivors (3072K)
 Metaspace       used 51523K, committed 52096K, reserved 1114112K
  class space    used 7247K, committed 7488K, reserved 1048576K
}
Event: 27.363 GC heap after
{Heap after GC invocations=31 (full 0):
 garbage-first heap   total 86016K, used 47027K [0x0000000080000000, 0x0000000100000000)
  region size 1024K, 1 young (1024K), 1 survivors (1024K)
 Metaspace       used 51523K, committed 52096K, reserved 1114112K
  class space    used 7247K, committed 7488K, reserved 1048576K
}
Event: 28.222 GC heap before
{Heap before GC invocations=31 (full 0):
 garbage-first heap   total 86016K, used 67507K [0x0000000080000000, 0x0000000100000000)
  region size 1024K, 21 young (21504K), 1 survivors (1024K)
 Metaspace       used 51552K, committed 52096K, reserved 1114112K
  class space    used 7248K, committed 7488K, reserved 1048576K
}
Event: 28.227 GC heap after
{Heap after GC invocations=32 (full 0):
 garbage-first heap   total 86016K, used 49320K [0x0000000080000000, 0x0000000100000000)
  region size 1024K, 3 young (3072K), 3 survivors (3072K)
 Metaspace       used 51552K, committed 52096K, reserved 1114112K
  class space    used 7248K, committed 7488K, reserved 1048576K
}
Event: 28.929 GC heap before
{Heap before GC invocations=33 (full 0):
 garbage-first heap   total 91136K, used 66728K [0x0000000080000000, 0x0000000100000000)
  region size 1024K, 21 young (21504K), 3 survivors (3072K)
 Metaspace       used 51557K, committed 52096K, reserved 1114112K
  class space    used 7248K, committed 7488K, reserved 1048576K
}
Event: 28.933 GC heap after
{Heap after GC invocations=34 (full 0):
 garbage-first heap   total 91136K, used 49856K [0x0000000080000000, 0x0000000100000000)
  region size 1024K, 3 young (3072K), 3 survivors (3072K)
 Metaspace       used 51557K, committed 52096K, reserved 1114112K
  class space    used 7248K, committed 7488K, reserved 1048576K
}
Event: 28.954 GC heap before
{Heap before GC invocations=34 (full 0):
 garbage-first heap   total 91136K, used 50880K [0x0000000080000000, 0x0000000100000000)
  region size 1024K, 4 young (4096K), 3 survivors (3072K)
 Metaspace       used 51557K, committed 52096K, reserved 1114112K
  class space    used 7248K, committed 7488K, reserved 1048576K
}
Event: 28.958 GC heap after
{Heap after GC invocations=35 (full 0):
 garbage-first heap   total 91136K, used 47845K [0x0000000080000000, 0x0000000100000000)
  region size 1024K, 1 young (1024K), 1 survivors (1024K)
 Metaspace       used 51557K, committed 52096K, reserved 1114112K
  class space    used 7248K, committed 7488K, reserved 1048576K
}
Event: 29.796 GC heap before
{Heap before GC invocations=35 (full 0):
 garbage-first heap   total 91136K, used 72421K [0x0000000080000000, 0x0000000100000000)
  region size 1024K, 25 young (25600K), 1 survivors (1024K)
 Metaspace       used 51559K, committed 52096K, reserved 1114112K
  class space    used 7248K, committed 7488K, reserved 1048576K
}
Event: 29.801 GC heap after
{Heap after GC invocations=36 (full 0):
 garbage-first heap   total 186368K, used 50119K [0x0000000080000000, 0x0000000100000000)
  region size 1024K, 3 young (3072K), 3 survivors (3072K)
 Metaspace       used 51559K, committed 52096K, reserved 1114112K
  class space    used 7248K, committed 7488K, reserved 1048576K
}
Event: 32.440 GC heap before
{Heap before GC invocations=36 (full 0):
 garbage-first heap   total 186368K, used 164807K [0x0000000080000000, 0x0000000100000000)
  region size 1024K, 101 young (103424K), 3 survivors (3072K)
 Metaspace       used 56778K, committed 57408K, reserved 1114112K
  class space    used 7888K, committed 8192K, reserved 1048576K
}
Event: 32.449 GC heap after
{Heap after GC invocations=37 (full 0):
 garbage-first heap   total 186368K, used 73803K [0x0000000080000000, 0x0000000100000000)
  region size 1024K, 12 young (12288K), 12 survivors (12288K)
 Metaspace       used 56778K, committed 57408K, reserved 1114112K
  class space    used 7888K, committed 8192K, reserved 1048576K
}
Event: 33.659 GC heap before
{Heap before GC invocations=37 (full 0):
 garbage-first heap   total 186368K, used 140363K [0x0000000080000000, 0x0000000100000000)
  region size 1024K, 74 young (75776K), 12 survivors (12288K)
 Metaspace       used 63021K, committed 63680K, reserved 1114112K
  class space    used 8640K, committed 8960K, reserved 1048576K
}
Event: 33.673 GC heap after
{Heap after GC invocations=38 (full 0):
 garbage-first heap   total 186368K, used 83104K [0x0000000080000000, 0x0000000100000000)
  region size 1024K, 7 young (7168K), 7 survivors (7168K)
 Metaspace       used 63021K, committed 63680K, reserved 1114112K
  class space    used 8640K, committed 8960K, reserved 1048576K
}
Event: 34.806 GC heap before
{Heap before GC invocations=38 (full 0):
 garbage-first heap   total 186368K, used 142496K [0x0000000080000000, 0x0000000100000000)
  region size 1024K, 65 young (66560K), 7 survivors (7168K)
 Metaspace       used 67345K, committed 67968K, reserved 1114112K
  class space    used 9172K, committed 9472K, reserved 1048576K
}
Event: 34.816 GC heap after
{Heap after GC invocations=39 (full 0):
 garbage-first heap   total 186368K, used 83168K [0x0000000080000000, 0x0000000100000000)
  region size 1024K, 4 young (4096K), 4 survivors (4096K)
 Metaspace       used 67345K, committed 67968K, reserved 1114112K
  class space    used 9172K, committed 9472K, reserved 1048576K
}

