# JRE version: OpenJDK Runtime Environment Microsoft-12574423 (17.0.17+10) (build 17.0.17+10-LTS)
# Java VM: OpenJDK 64-Bit Server VM Microsoft-12574423 (17.0.17+10-LTS, mixed mode, sharing, tiered, compressed oops, compressed class ptrs, g1 gc, windows-amd64)
GC Precious Log:
 CPUs: 4 total, 4 available
 Memory: 3994M
 Large Page Support: Disabled
 NUMA Support: Disabled
 Compressed Oops: Enabled (32-bit)
 Heap Region Size: 1M
 Heap Min Capacity: 8M
 Heap Initial Capacity: 64M
 Heap Max Capacity: 2G
 Pre-touch: Disabled
 Parallel Workers: 4
 Concurrent Workers: 1
 Concurrent Refinement Workers: 4
 Periodic GC: Disabled
Heap:
 garbage-first heap   total 65536K, used 31005K [0x0000000080000000, 0x0000000100000000)
  region size 1024K, 1 young (1024K), 1 survivors (1024K)
 Metaspace       used 31985K, committed 32448K, reserved 1114112K
  class space    used 4388K, committed 4608K, reserved 1048576K
GC Heap History (20 events):
Event: 0.916 GC heap after
{Heap after GC invocations=2 (full 0):
 garbage-first heap   total 65536K, used 9728K [0x0000000080000000, 0x0000000100000000)
  region size 1024K, 3 young (3072K), 3 survivors (3072K)
 Metaspace       used 2252K, committed 2368K, reserved 1114112K
  class space    used 246K, committed 320K, reserved 1048576K
}
Event: 1.593 GC heap before
{Heap before GC invocations=2 (full 0):
 garbage-first heap   total 65536K, used 45568K [0x0000000080000000, 0x0000000100000000)
  region size 1024K, 38 young (38912K), 3 survivors (3072K)
 Metaspace       used 4416K, committed 4544K, reserved 1114112K
  class space    used 550K, committed 640K, reserved 1048576K
}
Event: 1.598 GC heap after
{Heap after GC invocations=3 (full 0):
 garbage-first heap   total 65536K, used 11295K [0x0000000080000000, 0x0000000100000000)
  region size 1024K, 4 young (4096K), 4 survivors (4096K)
 Metaspace       used 4416K, committed 4544K, reserved 1114112K
  class space    used 550K, committed 640K, reserved 1048576K
}
Event: 2.086 GC heap before
{Heap before GC invocations=3 (full 0):
 garbage-first heap   total 65536K, used 47135K [0x0000000080000000, 0x0000000100000000)
  region size 1024K, 37 young (37888K), 4 survivors (4096K)
 Metaspace       used 4684K, committed 4864K, reserved 1114112K
  class space    used 592K, committed 704K, reserved 1048576K
}
Event: 2.092 GC heap after
{Heap after GC invocations=4 (full 0):
 garbage-first heap   total 65536K, used 16024K [0x0000000080000000, 0x0000000100000000)
  region size 1024K, 5 young (5120K), 5 survivors (5120K)
 Metaspace       used 4684K, committed 4864K, reserved 1114112K
  class space    used 592K, committed 704K, reserved 1048576K
}
Event: 4.155 GC heap before
{Heap before GC invocations=4 (full 0):
 garbage-first heap   total 65536K, used 46744K [0x0000000080000000, 0x0000000100000000)
  region size 1024K, 35 young (35840K), 5 survivors (5120K)
 Metaspace       used 11096K, committed 11328K, reserved 1114112K
  class space    used 1495K, committed 1600K, reserved 1048576K
}
Event: 4.163 GC heap after
{Heap after GC invocations=5 (full 0):
 garbage-first heap   total 65536K, used 19745K [0x0000000080000000, 0x0000000100000000)
  region size 1024K, 4 young (4096K), 4 survivors (4096K)
 Metaspace       used 11096K, committed 11328K, reserved 1114112K
  class space    used 1495K, committed 1600K, reserved 1048576K
}
Event: 5.287 GC heap before
{Heap before GC invocations=5 (full 0):
 garbage-first heap   total 65536K, used 46369K [0x0000000080000000, 0x0000000100000000)
  region size 1024K, 31 young (31744K), 4 survivors (4096K)
 Metaspace       used 15463K, committed 15808K, reserved 1114112K
  class space    used 2151K, committed 2304K, reserved 1048576K
}
Event: 5.293 GC heap after
{Heap after GC invocations=6 (full 0):
 garbage-first heap   total 65536K, used 20983K [0x0000000080000000, 0x0000000100000000)
  region size 1024K, 2 young (2048K), 2 survivors (2048K)
 Metaspace       used 15463K, committed 15808K, reserved 1114112K
  class space    used 2151K, committed 2304K, reserved 1048576K
}
Event: 6.004 GC heap before
{Heap before GC invocations=6 (full 0):
 garbage-first heap   total 65536K, used 47607K [0x0000000080000000, 0x0000000100000000)
  region size 1024K, 29 young (29696K), 2 survivors (2048K)
 Metaspace       used 18649K, committed 18944K, reserved 1114112K
  class space    used 2709K, committed 2880K, reserved 1048576K
}
Event: 6.008 GC heap after
{Heap after GC invocations=7 (full 0):
 garbage-first heap   total 65536K, used 22380K [0x0000000080000000, 0x0000000100000000)
  region size 1024K, 3 young (3072K), 3 survivors (3072K)
 Metaspace       used 18649K, committed 18944K, reserved 1114112K
  class space    used 2709K, committed 2880K, reserved 1048576K
}
Event: 6.615 GC heap before
{Heap before GC invocations=7 (full 0):
 garbage-first heap   total 65536K, used 43884K [0x0000000080000000, 0x0000000100000000)
  region size 1024K, 25 young (25600K), 3 survivors (3072K)
 Metaspace       used 21172K, committed 21504K, reserved 1114112K
  class space    used 3109K, committed 3264K, reserved 1048576K
}
Event: 6.622 GC heap after
{Heap after GC invocations=8 (full 0):
 garbage-first heap   total 65536K, used 23750K [0x0000000080000000, 0x0000000100000000)
  region size 1024K, 3 young (3072K), 3 survivors (3072K)
 Metaspace       used 21172K, committed 21504K, reserved 1114112K
  class space    used 3109K, committed 3264K, reserved 1048576K
}
Event: 7.521 GC heap before
{Heap before GC invocations=9 (full 0):
 garbage-first heap   total 65536K, used 50374K [0x0000000080000000, 0x0000000100000000)
  region size 1024K, 29 young (29696K), 3 survivors (3072K)
 Metaspace       used 24722K, committed 25088K, reserved 1114112K
  class space    used 3644K, committed 3776K, reserved 1048576K
}
Event: 7.527 GC heap after
{Heap after GC invocations=10 (full 0):
 garbage-first heap   total 65536K, used 25142K [0x0000000080000000, 0x0000000100000000)
  region size 1024K, 3 young (3072K), 3 survivors (3072K)
 Metaspace       used 24722K, committed 25088K, reserved 1114112K
  class space    used 3644K, committed 3776K, reserved 1048576K
}
Event: 8.229 GC heap before
{Heap before GC invocations=10 (full 0):
 garbage-first heap   total 65536K, used 50742K [0x0000000080000000, 0x0000000100000000)
  region size 1024K, 29 young (29696K), 3 survivors (3072K)
 Metaspace       used 29628K, committed 30016K, reserved 1114112K
  class space    used 4151K, committed 4352K, reserved 1048576K
}
Event: 8.238 GC heap after
{Heap after GC invocations=11 (full 0):
 garbage-first heap   total 65536K, used 28398K [0x0000000080000000, 0x0000000100000000)
  region size 1024K, 4 young (4096K), 4 survivors (4096K)
 Metaspace       used 29628K, committed 30016K, reserved 1114112K
  class space    used 4151K, committed 4352K, reserved 1048576K
}
Event: 8.577 GC heap before
{Heap before GC invocations=11 (full 0):
 garbage-first heap   total 65536K, used 51950K [0x0000000080000000, 0x0000000100000000)
  region size 1024K, 26 young (26624K), 4 survivors (4096K)
 Metaspace       used 31415K, committed 31808K, reserved 1114112K
  class space    used 4324K, committed 4480K, reserved 1048576K
}
Event: 8.587 GC heap after
{Heap after GC invocations=12 (full 0):
 garbage-first heap   total 65536K, used 31604K [0x0000000080000000, 0x0000000100000000)
  region size 1024K, 3 young (3072K), 3 survivors (3072K)
 Metaspace       used 31415K, committed 31808K, reserved 1114112K
  class space    used 4324K, committed 4480K, reserved 1048576K
}
Event: 8.755 GC heap before
{Heap before GC invocations=12 (full 0):
 garbage-first heap   total 65536K, used 51060K [0x0000000080000000, 0x0000000100000000)
  region size 1024K, 22 young (22528K), 3 survivors (3072K)
 Metaspace       used 31985K, committed 32448K, reserved 1114112K
  class space    used 4388K, committed 4608K, reserved 1048576K
}

