# JRE version: OpenJDK Runtime Environment Microsoft-12574423 (17.0.17+10) (build 17.0.17+10-LTS)
# Java VM: OpenJDK 64-Bit Server VM Microsoft-12574423 (17.0.17+10-LTS, mixed mode, sharing, tiered, compressed oops, compressed class ptrs, g1 gc, windows-amd64)
GC Precious Log:
 CPUs: 4 total, 4 available
 Memory: 3994M
 Large Page Support: Disabled
 NUMA Support: Disabled
 Compressed Oops: Enabled (32-bit)
 Heap Region Size: 1M
 Heap Min Capacity: 8M
 Heap Initial Capacity: 64M
 Heap Max Capacity: 2G
 Pre-touch: Disabled
 Parallel Workers: 4
 Concurrent Workers: 1
 Concurrent Refinement Workers: 4
 Periodic GC: Disabled
Heap:
 garbage-first heap   total 155648K, used 78318K [0x0000000080000000, 0x0000000100000000)
  region size 1024K, 1 young (1024K), 1 survivors (1024K)
 Metaspace       used 64615K, committed 65280K, reserved 1114112K
  class space    used 8879K, committed 9216K, reserved 1048576K
GC Heap History (20 events):
Event: 15.916 GC heap after
{Heap after GC invocations=23 (full 0):
 garbage-first heap   total 95232K, used 47428K [0x0000000080000000, 0x0000000100000000)
  region size 1024K, 4 young (4096K), 4 survivors (4096K)
 Metaspace       used 51589K, committed 52096K, reserved 1114112K
  class space    used 7246K, committed 7488K, reserved 1048576K
}
Event: 16.199 GC heap before
{Heap before GC invocations=24 (full 0):
 garbage-first heap   total 97280K, used 75076K [0x0000000080000000, 0x0000000100000000)
  region size 1024K, 32 young (32768K), 4 survivors (4096K)
 Metaspace       used 51601K, committed 52096K, reserved 1114112K
  class space    used 7247K, committed 7488K, reserved 1048576K
}
Event: 16.204 GC heap after
{Heap after GC invocations=25 (full 0):
 garbage-first heap   total 97280K, used 47736K [0x0000000080000000, 0x0000000100000000)
  region size 1024K, 3 young (3072K), 3 survivors (3072K)
 Metaspace       used 51601K, committed 52096K, reserved 1114112K
  class space    used 7247K, committed 7488K, reserved 1048576K
}
Event: 16.477 GC heap before
{Heap before GC invocations=25 (full 0):
 garbage-first heap   total 97280K, used 76408K [0x0000000080000000, 0x0000000100000000)
  region size 1024K, 32 young (32768K), 3 survivors (3072K)
 Metaspace       used 51601K, committed 52096K, reserved 1114112K
  class space    used 7247K, committed 7488K, reserved 1048576K
}
Event: 16.482 GC heap after
{Heap after GC invocations=26 (full 0):
 garbage-first heap   total 116736K, used 48755K [0x0000000080000000, 0x0000000100000000)
  region size 1024K, 4 young (4096K), 4 survivors (4096K)
 Metaspace       used 51601K, committed 52096K, reserved 1114112K
  class space    used 7247K, committed 7488K, reserved 1048576K
}
Event: 17.676 GC heap before
{Heap before GC invocations=27 (full 0):
 garbage-first heap   total 116736K, used 107123K [0x0000000080000000, 0x0000000100000000)
  region size 1024K, 47 young (48128K), 4 survivors (4096K)
 Metaspace       used 53761K, committed 54336K, reserved 1114112K
  class space    used 7547K, committed 7808K, reserved 1048576K
}
Event: 17.685 GC heap after
{Heap after GC invocations=28 (full 0):
 garbage-first heap   total 120832K, used 71221K [0x0000000080000000, 0x0000000100000000)
  region size 1024K, 6 young (6144K), 6 survivors (6144K)
 Metaspace       used 53761K, committed 54336K, reserved 1114112K
  class space    used 7547K, committed 7808K, reserved 1048576K
}
Event: 17.694 GC heap before
{Heap before GC invocations=28 (full 0):
 garbage-first heap   total 120832K, used 72245K [0x0000000080000000, 0x0000000100000000)
  region size 1024K, 7 young (7168K), 6 survivors (6144K)
 Metaspace       used 53794K, committed 54400K, reserved 1114112K
  class space    used 7550K, committed 7808K, reserved 1048576K
}
Event: 17.702 GC heap after
{Heap after GC invocations=29 (full 0):
 garbage-first heap   total 120832K, used 71404K [0x0000000080000000, 0x0000000100000000)
  region size 1024K, 1 young (1024K), 1 survivors (1024K)
 Metaspace       used 53794K, committed 54400K, reserved 1114112K
  class space    used 7550K, committed 7808K, reserved 1048576K
}
Event: 18.225 GC heap before
{Heap before GC invocations=29 (full 0):
 garbage-first heap   total 120832K, used 95980K [0x0000000080000000, 0x0000000100000000)
  region size 1024K, 26 young (26624K), 1 survivors (1024K)
 Metaspace       used 55904K, committed 56512K, reserved 1114112K
  class space    used 7805K, committed 8064K, reserved 1048576K
}
Event: 18.229 GC heap after
{Heap after GC invocations=30 (full 0):
 garbage-first heap   total 120832K, used 72142K [0x0000000080000000, 0x0000000100000000)
  region size 1024K, 2 young (2048K), 2 survivors (2048K)
 Metaspace       used 55904K, committed 56512K, reserved 1114112K
  class space    used 7805K, committed 8064K, reserved 1048576K
}
Event: 18.668 GC heap before
{Heap before GC invocations=31 (full 0):
 garbage-first heap   total 135168K, used 96718K [0x0000000080000000, 0x0000000100000000)
  region size 1024K, 26 young (26624K), 2 survivors (2048K)
 Metaspace       used 58351K, committed 59072K, reserved 1114112K
  class space    used 8050K, committed 8384K, reserved 1048576K
}
Event: 18.671 GC heap after
{Heap after GC invocations=32 (full 0):
 garbage-first heap   total 135168K, used 72132K [0x0000000080000000, 0x0000000100000000)
  region size 1024K, 2 young (2048K), 2 survivors (2048K)
 Metaspace       used 58351K, committed 59072K, reserved 1114112K
  class space    used 8050K, committed 8384K, reserved 1048576K
}
Event: 18.731 GC heap before
{Heap before GC invocations=32 (full 0):
 garbage-first heap   total 135168K, used 75204K [0x0000000080000000, 0x0000000100000000)
  region size 1024K, 6 young (6144K), 2 survivors (2048K)
 Metaspace       used 58814K, committed 59520K, reserved 1114112K
  class space    used 8091K, committed 8448K, reserved 1048576K
}
Event: 18.737 GC heap after
{Heap after GC invocations=33 (full 0):
 garbage-first heap   total 135168K, used 71657K [0x0000000080000000, 0x0000000100000000)
  region size 1024K, 1 young (1024K), 1 survivors (1024K)
 Metaspace       used 58814K, committed 59520K, reserved 1114112K
  class space    used 8091K, committed 8448K, reserved 1048576K
}
Event: 19.473 GC heap before
{Heap before GC invocations=33 (full 0):
 garbage-first heap   total 135168K, used 106473K [0x0000000080000000, 0x0000000100000000)
  region size 1024K, 36 young (36864K), 1 survivors (1024K)
 Metaspace       used 62915K, committed 63552K, reserved 1114112K
  class space    used 8637K, committed 8960K, reserved 1048576K
}
Event: 19.482 GC heap after
{Heap after GC invocations=34 (full 0):
 garbage-first heap   total 135168K, used 74179K [0x0000000080000000, 0x0000000100000000)
  region size 1024K, 4 young (4096K), 4 survivors (4096K)
 Metaspace       used 62915K, committed 63552K, reserved 1114112K
  class space    used 8637K, committed 8960K, reserved 1048576K
}
Event: 19.992 GC heap before
{Heap before GC invocations=35 (full 0):
 garbage-first heap   total 155648K, used 113091K [0x0000000080000000, 0x0000000100000000)
  region size 1024K, 37 young (37888K), 4 survivors (4096K)
 Metaspace       used 64423K, committed 65024K, reserved 1114112K
  class space    used 8857K, committed 9152K, reserved 1048576K
}
Event: 20.000 GC heap after
{Heap after GC invocations=36 (full 0):
 garbage-first heap   total 155648K, used 78435K [0x0000000080000000, 0x0000000100000000)
  region size 1024K, 4 young (4096K), 4 survivors (4096K)
 Metaspace       used 64423K, committed 65024K, reserved 1114112K
  class space    used 8857K, committed 9152K, reserved 1048576K
}
Event: 20.035 GC heap before
{Heap before GC invocations=36 (full 0):
 garbage-first heap   total 155648K, used 81507K [0x0000000080000000, 0x0000000100000000)
  region size 1024K, 7 young (7168K), 4 survivors (4096K)
 Metaspace       used 64615K, committed 65280K, reserved 1114112K
  class space    used 8879K, committed 9216K, reserved 1048576K
}

